<?xml version="1.0" encoding="UTF-8"?>
<!-- Generated by org.testng.reporters.JUnitReportReporter -->
<testsuite hostname="Nexsoft" failures="1" tests="37" name="runner.promotion_history.HRISPromotionHistoryRunner" time="755.568" errors="3" timestamp="2022-07-14T11:35:37 ICT" skipped="0">
  <testcase classname="runner.promotion_history.HRISPromotionHistoryRunner" name="runScenario" time="21.508"/>
  <system-out/>
  <testcase classname="runner.promotion_history.HRISPromotionHistoryRunner" name="runScenario" time="18.942"/>
  <system-out/>
  <testcase classname="runner.promotion_history.HRISPromotionHistoryRunner" name="runScenario" time="20.955"/>
  <system-out/>
  <testcase classname="runner.promotion_history.HRISPromotionHistoryRunner" name="runScenario" time="25.788"/>
  <system-out/>
  <testcase classname="runner.promotion_history.HRISPromotionHistoryRunner" name="runScenario" time="17.924"/>
  <system-out/>
  <testcase classname="runner.promotion_history.HRISPromotionHistoryRunner" name="runScenario" time="19.694"/>
  <system-out/>
  <testcase classname="runner.promotion_history.HRISPromotionHistoryRunner" name="runScenario" time="18.769"/>
  <system-out/>
  <testcase classname="runner.promotion_history.HRISPromotionHistoryRunner" name="runScenario" time="18.070"/>
  <system-out/>
  <testcase classname="runner.promotion_history.HRISPromotionHistoryRunner" name="runScenario" time="18.805"/>
  <system-out/>
  <testcase classname="runner.promotion_history.HRISPromotionHistoryRunner" name="runScenario" time="18.981"/>
  <system-out/>
  <testcase classname="runner.promotion_history.HRISPromotionHistoryRunner" name="runScenario" time="21.315"/>
  <system-out/>
  <testcase classname="runner.promotion_history.HRISPromotionHistoryRunner" name="runScenario" time="18.043"/>
  <system-out/>
  <testcase classname="runner.promotion_history.HRISPromotionHistoryRunner" name="runScenario" time="16.168"/>
  <system-out/>
  <testcase classname="runner.promotion_history.HRISPromotionHistoryRunner" name="runScenario" time="34.256">
    <error message="no such element: Unable to locate element: {&quot;method&quot;:&quot;xpath&quot;,&quot;selector&quot;:&quot;//td[@class=&#039;dataTables_empty&#039;]&quot;}
  (Session info: chrome=103.0.5060.114)
For documentation on this error, please visit: https://selenium.dev/exceptions/#no_such_element
Build info: version: &#039;4.0.0&#039;, revision: &#039;3a21814679&#039;
System info: host: &#039;NEXSOFT&#039;, ip: &#039;10.0.0.23&#039;, os.name: &#039;Windows 11&#039;, os.arch: &#039;amd64&#039;, os.version: &#039;10.0&#039;, java.version: &#039;11.0.15&#039;
Driver info: org.openqa.selenium.chrome.ChromeDriver
Command: [2dea7cb809e20e1ee1d0baa5b520a3bd, findElement {using=xpath, value=//td[@class=&#039;dataTables_empty&#039;]}]
Capabilities {acceptInsecureCerts: false, browserName: chrome, browserVersion: 103.0.5060.114, chrome: {chromedriverVersion: 102.0.5005.61 (0e59bcc00cc4..., userDataDir: C:\Users\62822\AppData\Loca...}, goog:chromeOptions: {debuggerAddress: localhost:60367}, javascriptEnabled: true, networkConnectionEnabled: false, pageLoadStrategy: normal, platform: WINDOWS, platformName: WINDOWS, proxy: Proxy(), se:cdp: ws://localhost:60367/devtoo..., se:cdpVersion: 103.0.5060.114, setWindowRect: true, strictFileInteractability: false, timeouts: {implicit: 0, pageLoad: 300000, script: 30000}, unhandledPromptBehavior: dismiss and notify, webauthn:extension:credBlob: true, webauthn:extension:largeBlob: true, webauthn:virtualAuthenticators: true}
Session ID: 2dea7cb809e20e1ee1d0baa5b520a3bd" type="org.openqa.selenium.NoSuchElementException">
      <![CDATA[org.openqa.selenium.NoSuchElementException: no such element: Unable to locate element: {"method":"xpath","selector":"//td[@class='dataTables_empty']"}
  (Session info: chrome=103.0.5060.114)
For documentation on this error, please visit: https://selenium.dev/exceptions/#no_such_element
Build info: version: '4.0.0', revision: '3a21814679'
System info: host: 'NEXSOFT', ip: '10.0.0.23', os.name: 'Windows 11', os.arch: 'amd64', os.version: '10.0', java.version: '11.0.15'
Driver info: org.openqa.selenium.chrome.ChromeDriver
Command: [2dea7cb809e20e1ee1d0baa5b520a3bd, findElement {using=xpath, value=//td[@class='dataTables_empty']}]
Capabilities {acceptInsecureCerts: false, browserName: chrome, browserVersion: 103.0.5060.114, chrome: {chromedriverVersion: 102.0.5005.61 (0e59bcc00cc4..., userDataDir: C:\Users\62822\AppData\Loca...}, goog:chromeOptions: {debuggerAddress: localhost:60367}, javascriptEnabled: true, networkConnectionEnabled: false, pageLoadStrategy: normal, platform: WINDOWS, platformName: WINDOWS, proxy: Proxy(), se:cdp: ws://localhost:60367/devtoo..., se:cdpVersion: 103.0.5060.114, setWindowRect: true, strictFileInteractability: false, timeouts: {implicit: 0, pageLoad: 300000, script: 30000}, unhandledPromptBehavior: dismiss and notify, webauthn:extension:credBlob: true, webauthn:extension:largeBlob: true, webauthn:virtualAuthenticators: true}
Session ID: 2dea7cb809e20e1ee1d0baa5b520a3bd
at java.base/jdk.internal.reflect.NativeConstructorAccessorImpl.newInstance0(Native Method)
at java.base/jdk.internal.reflect.NativeConstructorAccessorImpl.newInstance(NativeConstructorAccessorImpl.java:62)
at java.base/jdk.internal.reflect.DelegatingConstructorAccessorImpl.newInstance(DelegatingConstructorAccessorImpl.java:45)
at java.base/java.lang.reflect.Constructor.newInstance(Constructor.java:490)
at org.openqa.selenium.remote.codec.w3c.W3CHttpResponseCodec.createException(W3CHttpResponseCodec.java:200)
at org.openqa.selenium.remote.codec.w3c.W3CHttpResponseCodec.decode(W3CHttpResponseCodec.java:133)
at org.openqa.selenium.remote.codec.w3c.W3CHttpResponseCodec.decode(W3CHttpResponseCodec.java:53)
at org.openqa.selenium.remote.HttpCommandExecutor.execute(HttpCommandExecutor.java:184)
at org.openqa.selenium.remote.service.DriverCommandExecutor.invokeExecute(DriverCommandExecutor.java:164)
at org.openqa.selenium.remote.service.DriverCommandExecutor.execute(DriverCommandExecutor.java:139)
at org.openqa.selenium.remote.RemoteWebDriver.execute(RemoteWebDriver.java:559)
at org.openqa.selenium.remote.ElementLocation$ElementFinder$2.findElement(ElementLocation.java:162)
at org.openqa.selenium.remote.ElementLocation.findElement(ElementLocation.java:60)
at org.openqa.selenium.remote.RemoteWebDriver.findElement(RemoteWebDriver.java:383)
at org.openqa.selenium.remote.RemoteWebDriver.findElement(RemoteWebDriver.java:375)
at pom.PromotionHistoryPage.getEmptyTableSearch(PromotionHistoryPage.java:123)
at definitions.promotion.HRISPagePromotionDefine.search_byIDReq(HRISPagePromotionDefine.java:570)
at ✽.Validasi search by ID Req(file:///D:/EclipseWorkSpace/TA_HRIS/src/test/resources/features/006-MODUL%20PROMOTION%20HISTORY/HRISPagePromotionHistory.feature:31)
]]>
    </error>
  </testcase> <!-- runScenario -->
  <system-out>
    <![CDATA[<img src='file://D:\EclipseWorkSpace\TA_HRIS\src\test\resources\SS\20220714_112631.PNG'height="350" width="792"/>]]>
  </system-out>
  <testcase classname="runner.promotion_history.HRISPromotionHistoryRunner" name="runScenario" time="19.583"/>
  <system-out/>
  <testcase classname="runner.promotion_history.HRISPromotionHistoryRunner" name="runScenario" time="27.022">
    <failure message="expected [true] but found [false]" type="java.lang.AssertionError">
      <![CDATA[java.lang.AssertionError: expected [true] but found [false]
at org.testng.Assert.fail(Assert.java:110)
at org.testng.Assert.failNotEquals(Assert.java:1413)
at org.testng.Assert.assertTrue(Assert.java:56)
at org.testng.Assert.assertTrue(Assert.java:66)
at definitions.promotion.HRISPagePromotionDefine.filter_date_by(HRISPagePromotionDefine.java:550)
at ✽.Validasi filter 2022-07-11 date 2022-07-10(file:///D:/EclipseWorkSpace/TA_HRIS/src/test/resources/features/006-MODUL%20PROMOTION%20HISTORY/HRISPagePromotionHistory.feature:222)
]]>
    </failure>
  </testcase> <!-- runScenario -->
  <system-out>
    <![CDATA[<img src='file://D:\EclipseWorkSpace\TA_HRIS\src\test\resources\SS\20220714_113330.PNG'height="350" width="792"/>]]>
  </system-out>
  <testcase classname="runner.promotion_history.HRISPromotionHistoryRunner" name="runScenario" time="17.562"/>
  <system-out/>
  <testcase classname="runner.promotion_history.HRISPromotionHistoryRunner" name="runScenario" time="18.764"/>
  <system-out/>
  <testcase classname="runner.promotion_history.HRISPromotionHistoryRunner" name="runScenario" time="18.126"/>
  <system-out/>
  <testcase classname="runner.promotion_history.HRISPromotionHistoryRunner" name="runScenario" time="18.671">
    <error message="Index 2 out of bounds for length 1" type="java.lang.ArrayIndexOutOfBoundsException">
      <![CDATA[java.lang.ArrayIndexOutOfBoundsException: Index 2 out of bounds for length 1
at definitions.promotion.HRISPagePromotionDefine.filter_date_by(HRISPagePromotionDefine.java:529)
at ✽.Validasi filter  date 2022-07-10(file:///D:/EclipseWorkSpace/TA_HRIS/src/test/resources/features/006-MODUL%20PROMOTION%20HISTORY/HRISPagePromotionHistory.feature:222)
]]>
    </error>
  </testcase> <!-- runScenario -->
  <system-out>
    <![CDATA[<img src='file://D:\EclipseWorkSpace\TA_HRIS\src\test\resources\SS\20220714_113424.PNG'height="350" width="792"/>]]>
  </system-out>
  <testcase classname="runner.promotion_history.HRISPromotionHistoryRunner" name="runScenario" time="18.594"/>
  <system-out/>
  <testcase classname="runner.promotion_history.HRISPromotionHistoryRunner" name="runScenario" time="18.996"/>
  <system-out/>
  <testcase classname="runner.promotion_history.HRISPromotionHistoryRunner" name="runScenario" time="23.587"/>
  <system-out/>
  <testcase classname="runner.promotion_history.HRISPromotionHistoryRunner" name="runScenario" time="18.671"/>
  <system-out/>
  <testcase classname="runner.promotion_history.HRISPromotionHistoryRunner" name="runScenario" time="18.140"/>
  <system-out/>
  <testcase classname="runner.promotion_history.HRISPromotionHistoryRunner" name="runScenario" time="19.730"/>
  <system-out/>
  <testcase classname="runner.promotion_history.HRISPromotionHistoryRunner" name="runScenario" time="18.263"/>
  <system-out/>
  <testcase classname="runner.promotion_history.HRISPromotionHistoryRunner" name="runScenario" time="24.918"/>
  <system-out/>
  <testcase classname="runner.promotion_history.HRISPromotionHistoryRunner" name="runScenario" time="20.806"/>
  <system-out/>
  <testcase classname="runner.promotion_history.HRISPromotionHistoryRunner" name="runScenario" time="22.317"/>
  <system-out/>
  <testcase classname="runner.promotion_history.HRISPromotionHistoryRunner" name="runScenario" time="18.093"/>
  <system-out/>
  <testcase classname="runner.promotion_history.HRISPromotionHistoryRunner" name="runScenario" time="19.941"/>
  <system-out/>
  <testcase classname="runner.promotion_history.HRISPromotionHistoryRunner" name="runScenario" time="21.947"/>
  <system-out/>
  <testcase classname="runner.promotion_history.HRISPromotionHistoryRunner" name="runScenario" time="22.808"/>
  <system-out/>
  <testcase classname="runner.promotion_history.HRISPromotionHistoryRunner" name="runScenario" time="19.098"/>
  <system-out/>
  <testcase classname="runner.promotion_history.HRISPromotionHistoryRunner" name="runScenario" time="18.592">
    <error message="Index 2 out of bounds for length 1" type="java.lang.ArrayIndexOutOfBoundsException">
      <![CDATA[java.lang.ArrayIndexOutOfBoundsException: Index 2 out of bounds for length 1
at definitions.promotion.HRISPagePromotionDefine.filter_date_by(HRISPagePromotionDefine.java:536)
at ✽.Validasi filter 2022-07-09 date (file:///D:/EclipseWorkSpace/TA_HRIS/src/test/resources/features/006-MODUL%20PROMOTION%20HISTORY/HRISPagePromotionHistory.feature:222)
]]>
    </error>
  </testcase> <!-- runScenario -->
  <system-out>
    <![CDATA[<img src='file://D:\EclipseWorkSpace\TA_HRIS\src\test\resources\SS\20220714_113443.PNG'height="350" width="792"/>]]>
  </system-out>
  <testcase classname="runner.promotion_history.HRISPromotionHistoryRunner" name="runScenario" time="22.121"/>
  <system-out/>
</testsuite> <!-- runner.promotion_history.HRISPromotionHistoryRunner -->
