<?xml version="1.0" encoding="UTF-8"?>
<!-- Generated by org.testng.reporters.JUnitReportReporter -->
<testsuite hostname="Nexsoft" failures="2" tests="34" name="runner.promotion.HRISPagePromotionJabatanNeg" time="2161.654" errors="2" timestamp="2022-07-14T16:27:29 ICT" skipped="0">
  <testcase classname="runner.promotion.HRISPagePromotionJabatanNeg" name="runScenario" time="70.665"/>
  <system-out/>
  <testcase classname="runner.promotion.HRISPagePromotionJabatanNeg" name="runScenario" time="69.656"/>
  <system-out/>
  <testcase classname="runner.promotion.HRISPagePromotionJabatanNeg" name="runScenario" time="53.095"/>
  <system-out/>
  <testcase classname="runner.promotion.HRISPagePromotionJabatanNeg" name="runScenario" time="73.891"/>
  <system-out/>
  <testcase classname="runner.promotion.HRISPagePromotionJabatanNeg" name="runScenario" time="18.472">
    <failure message="expected [true] but found [false]" type="java.lang.AssertionError">
      <![CDATA[java.lang.AssertionError: expected [true] but found [false]
at org.testng.Assert.fail(Assert.java:110)
at org.testng.Assert.failNotEquals(Assert.java:1413)
at org.testng.Assert.assertTrue(Assert.java:56)
at org.testng.Assert.assertTrue(Assert.java:66)
at definitions.promotion.HRISPagePromotionDefine.verif_tujuan_promosi2(HRISPagePromotionDefine.java:863)
at ✽.Validasi tujuan promosi 2(file:///D:/EclipseWorkSpace/TA_HRIS/src/test/resources/features/005-MODUL%20PROMOTION/HRISAddPromotionJabatan_Negatif.feature:326)
]]>
    </failure>
  </testcase> <!-- runScenario -->
  <system-out>
    <![CDATA[<img src='file://D:\EclipseWorkSpace\TA_HRIS\src\test\resources\SS\20220714_160907.PNG'height="350" width="792"/>]]>
  </system-out>
  <testcase classname="runner.promotion.HRISPagePromotionJabatanNeg" name="runScenario" time="67.250"/>
  <system-out/>
  <testcase classname="runner.promotion.HRISPagePromotionJabatanNeg" name="runScenario" time="53.845"/>
  <system-out/>
  <testcase classname="runner.promotion.HRISPagePromotionJabatanNeg" name="runScenario" time="54.475"/>
  <system-out/>
  <testcase classname="runner.promotion.HRISPagePromotionJabatanNeg" name="runScenario" time="70.988"/>
  <system-out/>
  <testcase classname="runner.promotion.HRISPagePromotionJabatanNeg" name="runScenario" time="69.391"/>
  <system-out/>
  <testcase classname="runner.promotion.HRISPagePromotionJabatanNeg" name="runScenario" time="74.654"/>
  <system-out/>
  <testcase classname="runner.promotion.HRISPagePromotionJabatanNeg" name="runScenario" time="69.731"/>
  <system-out/>
  <testcase classname="runner.promotion.HRISPagePromotionJabatanNeg" name="runScenario" time="71.052"/>
  <system-out/>
  <testcase classname="runner.promotion.HRISPagePromotionJabatanNeg" name="runScenario" time="73.642"/>
  <system-out/>
  <testcase classname="runner.promotion.HRISPagePromotionJabatanNeg" name="runScenario" time="71.354"/>
  <system-out/>
  <testcase classname="runner.promotion.HRISPagePromotionJabatanNeg" name="runScenario" time="72.242"/>
  <system-out/>
  <testcase classname="runner.promotion.HRISPagePromotionJabatanNeg" name="runScenario" time="72.468"/>
  <system-out/>
  <testcase classname="runner.promotion.HRISPagePromotionJabatanNeg" name="runScenario" time="73.060"/>
  <system-out/>
  <testcase classname="runner.promotion.HRISPagePromotionJabatanNeg" name="runScenario" time="71.698"/>
  <system-out/>
  <testcase classname="runner.promotion.HRISPagePromotionJabatanNeg" name="runScenario" time="68.927"/>
  <system-out/>
  <testcase classname="runner.promotion.HRISPagePromotionJabatanNeg" name="runScenario" time="70.143"/>
  <system-out/>
  <testcase classname="runner.promotion.HRISPagePromotionJabatanNeg" name="runScenario" time="70.647"/>
  <system-out/>
  <testcase classname="runner.promotion.HRISPagePromotionJabatanNeg" name="runScenario" time="15.578">
    <error message="element click intercepted: Element &lt;a href=&quot;https://dev.ptdika.com/employee/promotion/promotion/&quot;&gt;...&lt;/a&gt; is not clickable at point (129, 451). Other element would receive the click: &lt;ul class=&quot;sub-menu&quot; style=&quot;display: block;&quot;&gt;...&lt;/ul&gt;
  (Session info: chrome=103.0.5060.114)
Build info: version: &#039;4.0.0&#039;, revision: &#039;3a21814679&#039;
System info: host: &#039;NEXSOFT&#039;, ip: &#039;10.0.0.23&#039;, os.name: &#039;Windows 11&#039;, os.arch: &#039;amd64&#039;, os.version: &#039;10.0&#039;, java.version: &#039;11.0.15&#039;
Driver info: org.openqa.selenium.chrome.ChromeDriver
Command: [592b5757c6e8cba53da7d0a3ca936b84, clickElement {id=079511cb-d0a7-4318-95b8-259e430ee845}]
Capabilities {acceptInsecureCerts: false, browserName: chrome, browserVersion: 103.0.5060.114, chrome: {chromedriverVersion: 102.0.5005.61 (0e59bcc00cc4..., userDataDir: C:\Users\62822\AppData\Loca...}, goog:chromeOptions: {debuggerAddress: localhost:50669}, javascriptEnabled: true, networkConnectionEnabled: false, pageLoadStrategy: normal, platform: WINDOWS, platformName: WINDOWS, proxy: Proxy(), se:cdp: ws://localhost:50669/devtoo..., se:cdpVersion: 103.0.5060.114, setWindowRect: true, strictFileInteractability: false, timeouts: {implicit: 0, pageLoad: 300000, script: 30000}, unhandledPromptBehavior: dismiss and notify, webauthn:extension:credBlob: true, webauthn:extension:largeBlob: true, webauthn:virtualAuthenticators: true}
Element: [[ChromeDriver: chrome on WINDOWS (592b5757c6e8cba53da7d0a3ca936b84)] -&gt; xpath: //a[@href=&#039;https://dev.ptdika.com/employee/promotion/promotion/&#039;]]
Session ID: 592b5757c6e8cba53da7d0a3ca936b84" type="org.openqa.selenium.ElementClickInterceptedException">
      <![CDATA[org.openqa.selenium.ElementClickInterceptedException: element click intercepted: Element <a href="https://dev.ptdika.com/employee/promotion/promotion/">...</a> is not clickable at point (129, 451). Other element would receive the click: <ul class="sub-menu" style="display: block;">...</ul>
  (Session info: chrome=103.0.5060.114)
Build info: version: '4.0.0', revision: '3a21814679'
System info: host: 'NEXSOFT', ip: '10.0.0.23', os.name: 'Windows 11', os.arch: 'amd64', os.version: '10.0', java.version: '11.0.15'
Driver info: org.openqa.selenium.chrome.ChromeDriver
Command: [592b5757c6e8cba53da7d0a3ca936b84, clickElement {id=079511cb-d0a7-4318-95b8-259e430ee845}]
Capabilities {acceptInsecureCerts: false, browserName: chrome, browserVersion: 103.0.5060.114, chrome: {chromedriverVersion: 102.0.5005.61 (0e59bcc00cc4..., userDataDir: C:\Users\62822\AppData\Loca...}, goog:chromeOptions: {debuggerAddress: localhost:50669}, javascriptEnabled: true, networkConnectionEnabled: false, pageLoadStrategy: normal, platform: WINDOWS, platformName: WINDOWS, proxy: Proxy(), se:cdp: ws://localhost:50669/devtoo..., se:cdpVersion: 103.0.5060.114, setWindowRect: true, strictFileInteractability: false, timeouts: {implicit: 0, pageLoad: 300000, script: 30000}, unhandledPromptBehavior: dismiss and notify, webauthn:extension:credBlob: true, webauthn:extension:largeBlob: true, webauthn:virtualAuthenticators: true}
Element: [[ChromeDriver: chrome on WINDOWS (592b5757c6e8cba53da7d0a3ca936b84)] -> xpath: //a[@href='https://dev.ptdika.com/employee/promotion/promotion/']]
Session ID: 592b5757c6e8cba53da7d0a3ca936b84
at java.base/jdk.internal.reflect.NativeConstructorAccessorImpl.newInstance0(Native Method)
at java.base/jdk.internal.reflect.NativeConstructorAccessorImpl.newInstance(NativeConstructorAccessorImpl.java:62)
at java.base/jdk.internal.reflect.DelegatingConstructorAccessorImpl.newInstance(DelegatingConstructorAccessorImpl.java:45)
at java.base/java.lang.reflect.Constructor.newInstance(Constructor.java:490)
at org.openqa.selenium.remote.codec.w3c.W3CHttpResponseCodec.createException(W3CHttpResponseCodec.java:200)
at org.openqa.selenium.remote.codec.w3c.W3CHttpResponseCodec.decode(W3CHttpResponseCodec.java:133)
at org.openqa.selenium.remote.codec.w3c.W3CHttpResponseCodec.decode(W3CHttpResponseCodec.java:53)
at org.openqa.selenium.remote.HttpCommandExecutor.execute(HttpCommandExecutor.java:184)
at org.openqa.selenium.remote.service.DriverCommandExecutor.invokeExecute(DriverCommandExecutor.java:164)
at org.openqa.selenium.remote.service.DriverCommandExecutor.execute(DriverCommandExecutor.java:139)
at org.openqa.selenium.remote.RemoteWebDriver.execute(RemoteWebDriver.java:559)
at org.openqa.selenium.remote.RemoteWebElement.execute(RemoteWebElement.java:251)
at org.openqa.selenium.remote.RemoteWebElement.click(RemoteWebElement.java:77)
at jdk.internal.reflect.GeneratedMethodAccessor2.invoke(Unknown Source)
at java.base/jdk.internal.reflect.DelegatingMethodAccessorImpl.invoke(DelegatingMethodAccessorImpl.java:43)
at java.base/java.lang.reflect.Method.invoke(Method.java:566)
at org.openqa.selenium.support.pagefactory.internal.LocatingElementHandler.invoke(LocatingElementHandler.java:52)
at com.sun.proxy.$Proxy28.click(Unknown Source)
at definitions.promotion.HRISPagePromotionDefine.click_Promotion_subnav(HRISPagePromotionDefine.java:88)
at ✽.User menekan Promotion pada submenu Navigation(file:///D:/EclipseWorkSpace/TA_HRIS/src/test/resources/features/005-MODUL%20PROMOTION/HRISAddPromotionJabatan_Negatif.feature:288)
]]>
    </error>
  </testcase> <!-- runScenario -->
  <system-out>
    <![CDATA[<img src='file://D:\EclipseWorkSpace\TA_HRIS\src\test\resources\SS\20220714_160243.PNG'height="350" width="792"/>]]>
  </system-out>
  <testcase classname="runner.promotion.HRISPagePromotionJabatanNeg" name="runScenario" time="55.446"/>
  <system-out/>
  <testcase classname="runner.promotion.HRISPagePromotionJabatanNeg" name="runScenario" time="79.548"/>
  <system-out/>
  <testcase classname="runner.promotion.HRISPagePromotionJabatanNeg" name="runScenario" time="72.750"/>
  <system-out/>
  <testcase classname="runner.promotion.HRISPagePromotionJabatanNeg" name="runScenario" time="45.397">
    <error message="no such element: Unable to locate element: {&quot;method&quot;:&quot;xpath&quot;,&quot;selector&quot;:&quot;//div[@class=&#039;alert alert-warning alert-dismissible fade show&#039;]&quot;}
  (Session info: chrome=103.0.5060.114)
For documentation on this error, please visit: https://selenium.dev/exceptions/#no_such_element
Build info: version: &#039;4.0.0&#039;, revision: &#039;3a21814679&#039;
System info: host: &#039;NEXSOFT&#039;, ip: &#039;10.0.0.23&#039;, os.name: &#039;Windows 11&#039;, os.arch: &#039;amd64&#039;, os.version: &#039;10.0&#039;, java.version: &#039;11.0.15&#039;
Driver info: org.openqa.selenium.chrome.ChromeDriver
Command: [457688bdf761132eda3e30ccbf6ef805, findElement {using=xpath, value=//div[@class=&#039;alert alert-warning alert-dismissible fade show&#039;]}]
Capabilities {acceptInsecureCerts: false, browserName: chrome, browserVersion: 103.0.5060.114, chrome: {chromedriverVersion: 102.0.5005.61 (0e59bcc00cc4..., userDataDir: C:\Users\62822\AppData\Loca...}, goog:chromeOptions: {debuggerAddress: localhost:51084}, javascriptEnabled: true, networkConnectionEnabled: false, pageLoadStrategy: normal, platform: WINDOWS, platformName: WINDOWS, proxy: Proxy(), se:cdp: ws://localhost:51084/devtoo..., se:cdpVersion: 103.0.5060.114, setWindowRect: true, strictFileInteractability: false, timeouts: {implicit: 0, pageLoad: 300000, script: 30000}, unhandledPromptBehavior: dismiss and notify, webauthn:extension:credBlob: true, webauthn:extension:largeBlob: true, webauthn:virtualAuthenticators: true}
Session ID: 457688bdf761132eda3e30ccbf6ef805" type="org.openqa.selenium.NoSuchElementException">
      <![CDATA[org.openqa.selenium.NoSuchElementException: no such element: Unable to locate element: {"method":"xpath","selector":"//div[@class='alert alert-warning alert-dismissible fade show']"}
  (Session info: chrome=103.0.5060.114)
For documentation on this error, please visit: https://selenium.dev/exceptions/#no_such_element
Build info: version: '4.0.0', revision: '3a21814679'
System info: host: 'NEXSOFT', ip: '10.0.0.23', os.name: 'Windows 11', os.arch: 'amd64', os.version: '10.0', java.version: '11.0.15'
Driver info: org.openqa.selenium.chrome.ChromeDriver
Command: [457688bdf761132eda3e30ccbf6ef805, findElement {using=xpath, value=//div[@class='alert alert-warning alert-dismissible fade show']}]
Capabilities {acceptInsecureCerts: false, browserName: chrome, browserVersion: 103.0.5060.114, chrome: {chromedriverVersion: 102.0.5005.61 (0e59bcc00cc4..., userDataDir: C:\Users\62822\AppData\Loca...}, goog:chromeOptions: {debuggerAddress: localhost:51084}, javascriptEnabled: true, networkConnectionEnabled: false, pageLoadStrategy: normal, platform: WINDOWS, platformName: WINDOWS, proxy: Proxy(), se:cdp: ws://localhost:51084/devtoo..., se:cdpVersion: 103.0.5060.114, setWindowRect: true, strictFileInteractability: false, timeouts: {implicit: 0, pageLoad: 300000, script: 30000}, unhandledPromptBehavior: dismiss and notify, webauthn:extension:credBlob: true, webauthn:extension:largeBlob: true, webauthn:virtualAuthenticators: true}
Session ID: 457688bdf761132eda3e30ccbf6ef805
at java.base/jdk.internal.reflect.NativeConstructorAccessorImpl.newInstance0(Native Method)
at java.base/jdk.internal.reflect.NativeConstructorAccessorImpl.newInstance(NativeConstructorAccessorImpl.java:62)
at java.base/jdk.internal.reflect.DelegatingConstructorAccessorImpl.newInstance(DelegatingConstructorAccessorImpl.java:45)
at java.base/java.lang.reflect.Constructor.newInstance(Constructor.java:490)
at org.openqa.selenium.remote.codec.w3c.W3CHttpResponseCodec.createException(W3CHttpResponseCodec.java:200)
at org.openqa.selenium.remote.codec.w3c.W3CHttpResponseCodec.decode(W3CHttpResponseCodec.java:133)
at org.openqa.selenium.remote.codec.w3c.W3CHttpResponseCodec.decode(W3CHttpResponseCodec.java:53)
at org.openqa.selenium.remote.HttpCommandExecutor.execute(HttpCommandExecutor.java:184)
at org.openqa.selenium.remote.service.DriverCommandExecutor.invokeExecute(DriverCommandExecutor.java:164)
at org.openqa.selenium.remote.service.DriverCommandExecutor.execute(DriverCommandExecutor.java:139)
at org.openqa.selenium.remote.RemoteWebDriver.execute(RemoteWebDriver.java:559)
at org.openqa.selenium.remote.ElementLocation$ElementFinder$2.findElement(ElementLocation.java:162)
at org.openqa.selenium.remote.ElementLocation.findElement(ElementLocation.java:60)
at org.openqa.selenium.remote.RemoteWebDriver.findElement(RemoteWebDriver.java:383)
at org.openqa.selenium.remote.RemoteWebDriver.findElement(RemoteWebDriver.java:375)
at org.openqa.selenium.support.pagefactory.DefaultElementLocator.findElement(DefaultElementLocator.java:70)
at org.openqa.selenium.support.pagefactory.internal.LocatingElementHandler.invoke(LocatingElementHandler.java:39)
at com.sun.proxy.$Proxy28.getText(Unknown Source)
at definitions.promotion.HRISPagePromotionDefine.validasi_Data_Tersimpan(HRISPagePromotionDefine.java:704)
at ✽.Validasi data tersimpan(file:///D:/EclipseWorkSpace/TA_HRIS/src/test/resources/features/005-MODUL%20PROMOTION/HRISAddPromotionJabatan_Negatif.feature:350)
]]>
    </error>
  </testcase> <!-- runScenario -->
  <system-out>
    <![CDATA[<img src='file://D:\EclipseWorkSpace\TA_HRIS\src\test\resources\SS\20220714_161010.PNG'height="350" width="792"/>]]>
  </system-out>
  <testcase classname="runner.promotion.HRISPagePromotionJabatanNeg" name="runScenario" time="69.838"/>
  <system-out/>
  <testcase classname="runner.promotion.HRISPagePromotionJabatanNeg" name="runScenario" time="58.413"/>
  <system-out/>
  <testcase classname="runner.promotion.HRISPagePromotionJabatanNeg" name="runScenario" time="71.714"/>
  <system-out/>
  <testcase classname="runner.promotion.HRISPagePromotionJabatanNeg" name="runScenario" time="72.449"/>
  <system-out/>
  <testcase classname="runner.promotion.HRISPagePromotionJabatanNeg" name="runScenario" time="17.780">
    <failure message="expected [true] but found [false]" type="java.lang.AssertionError">
      <![CDATA[java.lang.AssertionError: expected [true] but found [false]
at org.testng.Assert.fail(Assert.java:110)
at org.testng.Assert.failNotEquals(Assert.java:1413)
at org.testng.Assert.assertTrue(Assert.java:56)
at org.testng.Assert.assertTrue(Assert.java:66)
at definitions.promotion.HRISPagePromotionDefine.verif_tujuan_promosi3(HRISPagePromotionDefine.java:877)
at ✽.Validasi tujuan promosi 3(file:///D:/EclipseWorkSpace/TA_HRIS/src/test/resources/features/005-MODUL%20PROMOTION/HRISAddPromotionJabatan_Negatif.feature:337)
]]>
    </failure>
  </testcase> <!-- runScenario -->
  <system-out>
    <![CDATA[<img src='file://D:\EclipseWorkSpace\TA_HRIS\src\test\resources\SS\20220714_160925.PNG'height="350" width="792"/>]]>
  </system-out>
  <testcase classname="runner.promotion.HRISPagePromotionJabatanNeg" name="runScenario" time="69.565"/>
  <system-out/>
  <testcase classname="runner.promotion.HRISPagePromotionJabatanNeg" name="runScenario" time="71.830"/>
  <system-out/>
</testsuite> <!-- runner.promotion.HRISPagePromotionJabatanNeg -->
